Analysis & Synthesis report for audiopart
Mon Nov 25 19:10:17 2013
Quartus II 64-Bit Version 13.0.1 Build 232 06/12/2013 Service Pack 1 SJ Web Edition


---------------------
; Table of Contents ;
---------------------
  1. Legal Notice
  2. Analysis & Synthesis Summary
  3. Analysis & Synthesis Settings
  4. Parallel Compilation
  5. Analysis & Synthesis Source Files Read
  6. Analysis & Synthesis Resource Usage Summary
  7. Analysis & Synthesis Resource Utilization by Entity
  8. State Machine - |audio_interface|state
  9. User-Specified and Inferred Latches
 10. Registers Removed During Synthesis
 11. General Register Statistics
 12. Inverted Register Statistics
 13. Multiplexer Restructuring Statistics (Restructuring Performed)
 14. Elapsed Time Per Partition
 15. Analysis & Synthesis Messages



----------------
; Legal Notice ;
----------------
Copyright (C) 1991-2013 Altera Corporation
Your use of Altera Corporation's design tools, logic functions 
and other software and tools, and its AMPP partner logic 
functions, and any output files from any of the foregoing 
(including device programming or simulation files), and any 
associated documentation or information are expressly subject 
to the terms and conditions of the Altera Program License 
Subscription Agreement, Altera MegaCore Function License 
Agreement, or other applicable license agreement, including, 
without limitation, that your use is for the sole purpose of 
programming logic devices manufactured by Altera and sold by 
Altera or its authorized distributors.  Please refer to the 
applicable agreement for further details.



+--------------------------------------------------------------------------------------+
; Analysis & Synthesis Summary                                                         ;
+------------------------------------+-------------------------------------------------+
; Analysis & Synthesis Status        ; Successful - Mon Nov 25 19:10:17 2013           ;
; Quartus II 64-Bit Version          ; 13.0.1 Build 232 06/12/2013 SP 1 SJ Web Edition ;
; Revision Name                      ; audiopart                                       ;
; Top-level Entity Name              ; audio_interface                                 ;
; Family                             ; Cyclone II                                      ;
; Total logic elements               ; 619                                             ;
;     Total combinational functions  ; 569                                             ;
;     Dedicated logic registers      ; 179                                             ;
; Total registers                    ; 179                                             ;
; Total pins                         ; 47                                              ;
; Total virtual pins                 ; 0                                               ;
; Total memory bits                  ; 0                                               ;
; Embedded Multiplier 9-bit elements ; 0                                               ;
; Total PLLs                         ; 0                                               ;
+------------------------------------+-------------------------------------------------+


+----------------------------------------------------------------------------------------------------------------------+
; Analysis & Synthesis Settings                                                                                        ;
+----------------------------------------------------------------------------+--------------------+--------------------+
; Option                                                                     ; Setting            ; Default Value      ;
+----------------------------------------------------------------------------+--------------------+--------------------+
; Device                                                                     ; EP2C35F672C6       ;                    ;
; Top-level entity name                                                      ; audio_interface    ; audiopart          ;
; Family name                                                                ; Cyclone II         ; Cyclone IV GX      ;
; Use smart compilation                                                      ; Off                ; Off                ;
; Enable parallel Assembler and TimeQuest Timing Analyzer during compilation ; On                 ; On                 ;
; Enable compact report table                                                ; Off                ; Off                ;
; Restructure Multiplexers                                                   ; Auto               ; Auto               ;
; Create Debugging Nodes for IP Cores                                        ; Off                ; Off                ;
; Preserve fewer node names                                                  ; On                 ; On                 ;
; Disable OpenCore Plus hardware evaluation                                  ; Off                ; Off                ;
; Verilog Version                                                            ; Verilog_2001       ; Verilog_2001       ;
; VHDL Version                                                               ; VHDL_1993          ; VHDL_1993          ;
; State Machine Processing                                                   ; Auto               ; Auto               ;
; Safe State Machine                                                         ; Off                ; Off                ;
; Extract Verilog State Machines                                             ; On                 ; On                 ;
; Extract VHDL State Machines                                                ; On                 ; On                 ;
; Ignore Verilog initial constructs                                          ; Off                ; Off                ;
; Iteration limit for constant Verilog loops                                 ; 5000               ; 5000               ;
; Iteration limit for non-constant Verilog loops                             ; 250                ; 250                ;
; Add Pass-Through Logic to Inferred RAMs                                    ; On                 ; On                 ;
; Infer RAMs from Raw Logic                                                  ; On                 ; On                 ;
; Parallel Synthesis                                                         ; On                 ; On                 ;
; DSP Block Balancing                                                        ; Auto               ; Auto               ;
; NOT Gate Push-Back                                                         ; On                 ; On                 ;
; Power-Up Don't Care                                                        ; On                 ; On                 ;
; Remove Redundant Logic Cells                                               ; Off                ; Off                ;
; Remove Duplicate Registers                                                 ; On                 ; On                 ;
; Ignore CARRY Buffers                                                       ; Off                ; Off                ;
; Ignore CASCADE Buffers                                                     ; Off                ; Off                ;
; Ignore GLOBAL Buffers                                                      ; Off                ; Off                ;
; Ignore ROW GLOBAL Buffers                                                  ; Off                ; Off                ;
; Ignore LCELL Buffers                                                       ; Off                ; Off                ;
; Ignore SOFT Buffers                                                        ; On                 ; On                 ;
; Limit AHDL Integers to 32 Bits                                             ; Off                ; Off                ;
; Optimization Technique                                                     ; Balanced           ; Balanced           ;
; Carry Chain Length                                                         ; 70                 ; 70                 ;
; Auto Carry Chains                                                          ; On                 ; On                 ;
; Auto Open-Drain Pins                                                       ; On                 ; On                 ;
; Perform WYSIWYG Primitive Resynthesis                                      ; Off                ; Off                ;
; Auto ROM Replacement                                                       ; On                 ; On                 ;
; Auto RAM Replacement                                                       ; On                 ; On                 ;
; Auto Shift Register Replacement                                            ; Auto               ; Auto               ;
; Allow Shift Register Merging across Hierarchies                            ; Auto               ; Auto               ;
; Auto Clock Enable Replacement                                              ; On                 ; On                 ;
; Strict RAM Replacement                                                     ; Off                ; Off                ;
; Allow Synchronous Control Signals                                          ; On                 ; On                 ;
; Force Use of Synchronous Clear Signals                                     ; Off                ; Off                ;
; Auto RAM to Logic Cell Conversion                                          ; Off                ; Off                ;
; Auto Resource Sharing                                                      ; Off                ; Off                ;
; Allow Any RAM Size For Recognition                                         ; Off                ; Off                ;
; Allow Any ROM Size For Recognition                                         ; Off                ; Off                ;
; Allow Any Shift Register Size For Recognition                              ; Off                ; Off                ;
; Use LogicLock Constraints during Resource Balancing                        ; On                 ; On                 ;
; Ignore translate_off and synthesis_off directives                          ; Off                ; Off                ;
; Timing-Driven Synthesis                                                    ; Off                ; Off                ;
; Report Parameter Settings                                                  ; On                 ; On                 ;
; Report Source Assignments                                                  ; On                 ; On                 ;
; Report Connectivity Checks                                                 ; On                 ; On                 ;
; Ignore Maximum Fan-Out Assignments                                         ; Off                ; Off                ;
; Synchronization Register Chain Length                                      ; 2                  ; 2                  ;
; PowerPlay Power Optimization                                               ; Normal compilation ; Normal compilation ;
; HDL message level                                                          ; Level2             ; Level2             ;
; Suppress Register Optimization Related Messages                            ; Off                ; Off                ;
; Number of Removed Registers Reported in Synthesis Report                   ; 5000               ; 5000               ;
; Number of Swept Nodes Reported in Synthesis Report                         ; 5000               ; 5000               ;
; Number of Inverted Registers Reported in Synthesis Report                  ; 100                ; 100                ;
; Clock MUX Protection                                                       ; On                 ; On                 ;
; Auto Gated Clock Conversion                                                ; Off                ; Off                ;
; Block Design Naming                                                        ; Auto               ; Auto               ;
; SDC constraint protection                                                  ; Off                ; Off                ;
; Synthesis Effort                                                           ; Auto               ; Auto               ;
; Shift Register Replacement - Allow Asynchronous Clear Signal               ; On                 ; On                 ;
; Pre-Mapping Resynthesis Optimization                                       ; Off                ; Off                ;
; Analysis & Synthesis Message Level                                         ; Medium             ; Medium             ;
; Disable Register Merging Across Hierarchies                                ; Auto               ; Auto               ;
; Resource Aware Inference For Block RAM                                     ; On                 ; On                 ;
; Synthesis Seed                                                             ; 1                  ; 1                  ;
+----------------------------------------------------------------------------+--------------------+--------------------+


Parallel compilation was disabled, but you have multiple processors available. Enable parallel compilation to reduce compilation time.
+-------------------------------------+
; Parallel Compilation                ;
+----------------------------+--------+
; Processors                 ; Number ;
+----------------------------+--------+
; Number detected on machine ; 4      ;
; Maximum allowed            ; 1      ;
+----------------------------+--------+


+----------------------------------------------------------------------------------------------------------------------------------------------------------------------------------------+
; Analysis & Synthesis Source Files Read                                                                                                                                                 ;
+----------------------------------+-----------------+-----------------+-------------------------------------------------------------------------------------------------------+---------+
; File Name with User-Entered Path ; Used in Netlist ; File Type       ; File Name with Absolute Path                                                                          ; Library ;
+----------------------------------+-----------------+-----------------+-------------------------------------------------------------------------------------------------------+---------+
; audio_interface.vhd              ; yes             ; User VHDL File  ; C:/Zelun-Documents/abroad/UIUC/academic/3rd/ECE 385/ece-385-fall-2013/final/audio/audio_interface.vhd ;         ;
+----------------------------------+-----------------+-----------------+-------------------------------------------------------------------------------------------------------+---------+


+-----------------------------------------------------+
; Analysis & Synthesis Resource Usage Summary         ;
+---------------------------------------------+-------+
; Resource                                    ; Usage ;
+---------------------------------------------+-------+
; Estimated Total logic elements              ; 619   ;
;                                             ;       ;
; Total combinational functions               ; 569   ;
; Logic element usage by number of LUT inputs ;       ;
;     -- 4 input functions                    ; 361   ;
;     -- 3 input functions                    ; 91    ;
;     -- <=2 input functions                  ; 117   ;
;                                             ;       ;
; Logic elements by mode                      ;       ;
;     -- normal mode                          ; 508   ;
;     -- arithmetic mode                      ; 61    ;
;                                             ;       ;
; Total registers                             ; 179   ;
;     -- Dedicated logic registers            ; 179   ;
;     -- I/O registers                        ; 0     ;
;                                             ;       ;
; I/O pins                                    ; 47    ;
; Embedded Multiplier 9-bit elements          ; 0     ;
; Maximum fan-out node                        ; clk   ;
; Maximum fan-out                             ; 167   ;
; Total fan-out                               ; 2540  ;
; Average fan-out                             ; 3.19  ;
+---------------------------------------------+-------+


+-----------------------------------------------------------------------------------------------------------------------------------------------------------------------------+
; Analysis & Synthesis Resource Utilization by Entity                                                                                                                         ;
+----------------------------+-------------------+--------------+-------------+--------------+---------+-----------+------+--------------+---------------------+--------------+
; Compilation Hierarchy Node ; LC Combinationals ; LC Registers ; Memory Bits ; DSP Elements ; DSP 9x9 ; DSP 18x18 ; Pins ; Virtual Pins ; Full Hierarchy Name ; Library Name ;
+----------------------------+-------------------+--------------+-------------+--------------+---------+-----------+------+--------------+---------------------+--------------+
; |audio_interface           ; 569 (569)         ; 179 (179)    ; 0           ; 0            ; 0       ; 0         ; 47   ; 0            ; |audio_interface    ; work         ;
+----------------------------+-------------------+--------------+-------------+--------------+---------+-----------+------+--------------+---------------------+--------------+
Note: For table entries with two numbers listed, the numbers in parentheses indicate the number of resources of the given type used by the specific entity alone. The numbers listed outside of parentheses indicate the total resources of the given type used by the specific entity and all of its sub-entities in the hierarchy.


Encoding Type:  One-Hot
+-------------------------------------------------------------------------------------------------------------------------------------------------------------------------------------------------------------------------------------------------------------------------------------------------------------------------------------------------------------------------------------------------------------------+
; State Machine - |audio_interface|state                                                                                                                                                                                                                                                                                                                                                                            ;
+------------------+-------------+---------------+---------------+-------------+----------+----------+----------+----------+----------+----------+----------+----------+-------------+----------+----------+----------+----------+----------+----------+----------+----------+-------------+----------+----------+----------+----------+----------+----------+----------+----------+-------------+------------------+
; Name             ; state.b_end ; state.b_stop1 ; state.b_stop0 ; state.d_ack ; state.d7 ; state.d6 ; state.d5 ; state.d4 ; state.d3 ; state.d2 ; state.d1 ; state.d0 ; state.a_ack ; state.a7 ; state.a6 ; state.a5 ; state.a4 ; state.a3 ; state.a2 ; state.a1 ; state.a0 ; state.b_ack ; state.b7 ; state.b6 ; state.b5 ; state.b4 ; state.b3 ; state.b2 ; state.b1 ; state.b0 ; state.start ; state.initialize ;
+------------------+-------------+---------------+---------------+-------------+----------+----------+----------+----------+----------+----------+----------+----------+-------------+----------+----------+----------+----------+----------+----------+----------+----------+-------------+----------+----------+----------+----------+----------+----------+----------+----------+-------------+------------------+
; state.initialize ; 0           ; 0             ; 0             ; 0           ; 0        ; 0        ; 0        ; 0        ; 0        ; 0        ; 0        ; 0        ; 0           ; 0        ; 0        ; 0        ; 0        ; 0        ; 0        ; 0        ; 0        ; 0           ; 0        ; 0        ; 0        ; 0        ; 0        ; 0        ; 0        ; 0        ; 0           ; 0                ;
; state.start      ; 0           ; 0             ; 0             ; 0           ; 0        ; 0        ; 0        ; 0        ; 0        ; 0        ; 0        ; 0        ; 0           ; 0        ; 0        ; 0        ; 0        ; 0        ; 0        ; 0        ; 0        ; 0           ; 0        ; 0        ; 0        ; 0        ; 0        ; 0        ; 0        ; 0        ; 1           ; 1                ;
; state.b0         ; 0           ; 0             ; 0             ; 0           ; 0        ; 0        ; 0        ; 0        ; 0        ; 0        ; 0        ; 0        ; 0           ; 0        ; 0        ; 0        ; 0        ; 0        ; 0        ; 0        ; 0        ; 0           ; 0        ; 0        ; 0        ; 0        ; 0        ; 0        ; 0        ; 1        ; 0           ; 1                ;
; state.b1         ; 0           ; 0             ; 0             ; 0           ; 0        ; 0        ; 0        ; 0        ; 0        ; 0        ; 0        ; 0        ; 0           ; 0        ; 0        ; 0        ; 0        ; 0        ; 0        ; 0        ; 0        ; 0           ; 0        ; 0        ; 0        ; 0        ; 0        ; 0        ; 1        ; 0        ; 0           ; 1                ;
; state.b2         ; 0           ; 0             ; 0             ; 0           ; 0        ; 0        ; 0        ; 0        ; 0        ; 0        ; 0        ; 0        ; 0           ; 0        ; 0        ; 0        ; 0        ; 0        ; 0        ; 0        ; 0        ; 0           ; 0        ; 0        ; 0        ; 0        ; 0        ; 1        ; 0        ; 0        ; 0           ; 1                ;
; state.b3         ; 0           ; 0             ; 0             ; 0           ; 0        ; 0        ; 0        ; 0        ; 0        ; 0        ; 0        ; 0        ; 0           ; 0        ; 0        ; 0        ; 0        ; 0        ; 0        ; 0        ; 0        ; 0           ; 0        ; 0        ; 0        ; 0        ; 1        ; 0        ; 0        ; 0        ; 0           ; 1                ;
; state.b4         ; 0           ; 0             ; 0             ; 0           ; 0        ; 0        ; 0        ; 0        ; 0        ; 0        ; 0        ; 0        ; 0           ; 0        ; 0        ; 0        ; 0        ; 0        ; 0        ; 0        ; 0        ; 0           ; 0        ; 0        ; 0        ; 1        ; 0        ; 0        ; 0        ; 0        ; 0           ; 1                ;
; state.b5         ; 0           ; 0             ; 0             ; 0           ; 0        ; 0        ; 0        ; 0        ; 0        ; 0        ; 0        ; 0        ; 0           ; 0        ; 0        ; 0        ; 0        ; 0        ; 0        ; 0        ; 0        ; 0           ; 0        ; 0        ; 1        ; 0        ; 0        ; 0        ; 0        ; 0        ; 0           ; 1                ;
; state.b6         ; 0           ; 0             ; 0             ; 0           ; 0        ; 0        ; 0        ; 0        ; 0        ; 0        ; 0        ; 0        ; 0           ; 0        ; 0        ; 0        ; 0        ; 0        ; 0        ; 0        ; 0        ; 0           ; 0        ; 1        ; 0        ; 0        ; 0        ; 0        ; 0        ; 0        ; 0           ; 1                ;
; state.b7         ; 0           ; 0             ; 0             ; 0           ; 0        ; 0        ; 0        ; 0        ; 0        ; 0        ; 0        ; 0        ; 0           ; 0        ; 0        ; 0        ; 0        ; 0        ; 0        ; 0        ; 0        ; 0           ; 1        ; 0        ; 0        ; 0        ; 0        ; 0        ; 0        ; 0        ; 0           ; 1                ;
; state.b_ack      ; 0           ; 0             ; 0             ; 0           ; 0        ; 0        ; 0        ; 0        ; 0        ; 0        ; 0        ; 0        ; 0           ; 0        ; 0        ; 0        ; 0        ; 0        ; 0        ; 0        ; 0        ; 1           ; 0        ; 0        ; 0        ; 0        ; 0        ; 0        ; 0        ; 0        ; 0           ; 1                ;
; state.a0         ; 0           ; 0             ; 0             ; 0           ; 0        ; 0        ; 0        ; 0        ; 0        ; 0        ; 0        ; 0        ; 0           ; 0        ; 0        ; 0        ; 0        ; 0        ; 0        ; 0        ; 1        ; 0           ; 0        ; 0        ; 0        ; 0        ; 0        ; 0        ; 0        ; 0        ; 0           ; 1                ;
; state.a1         ; 0           ; 0             ; 0             ; 0           ; 0        ; 0        ; 0        ; 0        ; 0        ; 0        ; 0        ; 0        ; 0           ; 0        ; 0        ; 0        ; 0        ; 0        ; 0        ; 1        ; 0        ; 0           ; 0        ; 0        ; 0        ; 0        ; 0        ; 0        ; 0        ; 0        ; 0           ; 1                ;
; state.a2         ; 0           ; 0             ; 0             ; 0           ; 0        ; 0        ; 0        ; 0        ; 0        ; 0        ; 0        ; 0        ; 0           ; 0        ; 0        ; 0        ; 0        ; 0        ; 1        ; 0        ; 0        ; 0           ; 0        ; 0        ; 0        ; 0        ; 0        ; 0        ; 0        ; 0        ; 0           ; 1                ;
; state.a3         ; 0           ; 0             ; 0             ; 0           ; 0        ; 0        ; 0        ; 0        ; 0        ; 0        ; 0        ; 0        ; 0           ; 0        ; 0        ; 0        ; 0        ; 1        ; 0        ; 0        ; 0        ; 0           ; 0        ; 0        ; 0        ; 0        ; 0        ; 0        ; 0        ; 0        ; 0           ; 1                ;
; state.a4         ; 0           ; 0             ; 0             ; 0           ; 0        ; 0        ; 0        ; 0        ; 0        ; 0        ; 0        ; 0        ; 0           ; 0        ; 0        ; 0        ; 1        ; 0        ; 0        ; 0        ; 0        ; 0           ; 0        ; 0        ; 0        ; 0        ; 0        ; 0        ; 0        ; 0        ; 0           ; 1                ;
; state.a5         ; 0           ; 0             ; 0             ; 0           ; 0        ; 0        ; 0        ; 0        ; 0        ; 0        ; 0        ; 0        ; 0           ; 0        ; 0        ; 1        ; 0        ; 0        ; 0        ; 0        ; 0        ; 0           ; 0        ; 0        ; 0        ; 0        ; 0        ; 0        ; 0        ; 0        ; 0           ; 1                ;
; state.a6         ; 0           ; 0             ; 0             ; 0           ; 0        ; 0        ; 0        ; 0        ; 0        ; 0        ; 0        ; 0        ; 0           ; 0        ; 1        ; 0        ; 0        ; 0        ; 0        ; 0        ; 0        ; 0           ; 0        ; 0        ; 0        ; 0        ; 0        ; 0        ; 0        ; 0        ; 0           ; 1                ;
; state.a7         ; 0           ; 0             ; 0             ; 0           ; 0        ; 0        ; 0        ; 0        ; 0        ; 0        ; 0        ; 0        ; 0           ; 1        ; 0        ; 0        ; 0        ; 0        ; 0        ; 0        ; 0        ; 0           ; 0        ; 0        ; 0        ; 0        ; 0        ; 0        ; 0        ; 0        ; 0           ; 1                ;
; state.a_ack      ; 0           ; 0             ; 0             ; 0           ; 0        ; 0        ; 0        ; 0        ; 0        ; 0        ; 0        ; 0        ; 1           ; 0        ; 0        ; 0        ; 0        ; 0        ; 0        ; 0        ; 0        ; 0           ; 0        ; 0        ; 0        ; 0        ; 0        ; 0        ; 0        ; 0        ; 0           ; 1                ;
; state.d0         ; 0           ; 0             ; 0             ; 0           ; 0        ; 0        ; 0        ; 0        ; 0        ; 0        ; 0        ; 1        ; 0           ; 0        ; 0        ; 0        ; 0        ; 0        ; 0        ; 0        ; 0        ; 0           ; 0        ; 0        ; 0        ; 0        ; 0        ; 0        ; 0        ; 0        ; 0           ; 1                ;
; state.d1         ; 0           ; 0             ; 0             ; 0           ; 0        ; 0        ; 0        ; 0        ; 0        ; 0        ; 1        ; 0        ; 0           ; 0        ; 0        ; 0        ; 0        ; 0        ; 0        ; 0        ; 0        ; 0           ; 0        ; 0        ; 0        ; 0        ; 0        ; 0        ; 0        ; 0        ; 0           ; 1                ;
; state.d2         ; 0           ; 0             ; 0             ; 0           ; 0        ; 0        ; 0        ; 0        ; 0        ; 1        ; 0        ; 0        ; 0           ; 0        ; 0        ; 0        ; 0        ; 0        ; 0        ; 0        ; 0        ; 0           ; 0        ; 0        ; 0        ; 0        ; 0        ; 0        ; 0        ; 0        ; 0           ; 1                ;
; state.d3         ; 0           ; 0             ; 0             ; 0           ; 0        ; 0        ; 0        ; 0        ; 1        ; 0        ; 0        ; 0        ; 0           ; 0        ; 0        ; 0        ; 0        ; 0        ; 0        ; 0        ; 0        ; 0           ; 0        ; 0        ; 0        ; 0        ; 0        ; 0        ; 0        ; 0        ; 0           ; 1                ;
; state.d4         ; 0           ; 0             ; 0             ; 0           ; 0        ; 0        ; 0        ; 1        ; 0        ; 0        ; 0        ; 0        ; 0           ; 0        ; 0        ; 0        ; 0        ; 0        ; 0        ; 0        ; 0        ; 0           ; 0        ; 0        ; 0        ; 0        ; 0        ; 0        ; 0        ; 0        ; 0           ; 1                ;
; state.d5         ; 0           ; 0             ; 0             ; 0           ; 0        ; 0        ; 1        ; 0        ; 0        ; 0        ; 0        ; 0        ; 0           ; 0        ; 0        ; 0        ; 0        ; 0        ; 0        ; 0        ; 0        ; 0           ; 0        ; 0        ; 0        ; 0        ; 0        ; 0        ; 0        ; 0        ; 0           ; 1                ;
; state.d6         ; 0           ; 0             ; 0             ; 0           ; 0        ; 1        ; 0        ; 0        ; 0        ; 0        ; 0        ; 0        ; 0           ; 0        ; 0        ; 0        ; 0        ; 0        ; 0        ; 0        ; 0        ; 0           ; 0        ; 0        ; 0        ; 0        ; 0        ; 0        ; 0        ; 0        ; 0           ; 1                ;
; state.d7         ; 0           ; 0             ; 0             ; 0           ; 1        ; 0        ; 0        ; 0        ; 0        ; 0        ; 0        ; 0        ; 0           ; 0        ; 0        ; 0        ; 0        ; 0        ; 0        ; 0        ; 0        ; 0           ; 0        ; 0        ; 0        ; 0        ; 0        ; 0        ; 0        ; 0        ; 0           ; 1                ;
; state.d_ack      ; 0           ; 0             ; 0             ; 1           ; 0        ; 0        ; 0        ; 0        ; 0        ; 0        ; 0        ; 0        ; 0           ; 0        ; 0        ; 0        ; 0        ; 0        ; 0        ; 0        ; 0        ; 0           ; 0        ; 0        ; 0        ; 0        ; 0        ; 0        ; 0        ; 0        ; 0           ; 1                ;
; state.b_stop0    ; 0           ; 0             ; 1             ; 0           ; 0        ; 0        ; 0        ; 0        ; 0        ; 0        ; 0        ; 0        ; 0           ; 0        ; 0        ; 0        ; 0        ; 0        ; 0        ; 0        ; 0        ; 0           ; 0        ; 0        ; 0        ; 0        ; 0        ; 0        ; 0        ; 0        ; 0           ; 1                ;
; state.b_stop1    ; 0           ; 1             ; 0             ; 0           ; 0        ; 0        ; 0        ; 0        ; 0        ; 0        ; 0        ; 0        ; 0           ; 0        ; 0        ; 0        ; 0        ; 0        ; 0        ; 0        ; 0        ; 0           ; 0        ; 0        ; 0        ; 0        ; 0        ; 0        ; 0        ; 0        ; 0           ; 1                ;
; state.b_end      ; 1           ; 0             ; 0             ; 0           ; 0        ; 0        ; 0        ; 0        ; 0        ; 0        ; 0        ; 0        ; 0           ; 0        ; 0        ; 0        ; 0        ; 0        ; 0        ; 0        ; 0        ; 0           ; 0        ; 0        ; 0        ; 0        ; 0        ; 0        ; 0        ; 0        ; 0           ; 1                ;
+------------------+-------------+---------------+---------------+-------------+----------+----------+----------+----------+----------+----------+----------+----------+-------------+----------+----------+----------+----------+----------+----------+----------+----------+-------------+----------+----------+----------+----------+----------+----------+----------+----------+-------------+------------------+


+---------------------------------------------------------------------------------------------------+
; User-Specified and Inferred Latches                                                               ;
+----------------------------------------------------+---------------------+------------------------+
; Latch Name                                         ; Latch Enable Signal ; Free of Timing Hazards ;
+----------------------------------------------------+---------------------+------------------------+
; key[1]                                             ; GND                 ; yes                    ;
; key[0]                                             ; GND                 ; yes                    ;
; key[3]                                             ; GND                 ; yes                    ;
; key[2]                                             ; GND                 ; yes                    ;
; Number of user-specified and inferred latches = 4  ;                     ;                        ;
+----------------------------------------------------+---------------------+------------------------+
Note: All latches listed above may not be present at the end of synthesis due to various synthesis optimizations.


+-----------------------------------------------------------------+
; Registers Removed During Synthesis                              ;
+----------------------------------------+------------------------+
; Register name                          ; Reason for Removal     ;
+----------------------------------------+------------------------+
; LDATA[3]                               ; Merged with RDATA[3]   ;
; LDATA[2]                               ; Merged with RDATA[2]   ;
; LDATA[1]                               ; Merged with RDATA[1]   ;
; LDATA[0]                               ; Merged with RDATA[0]   ;
; LRDATA[3]                              ; Merged with LRDATA[19] ;
; LRDATA[2]                              ; Merged with LRDATA[18] ;
; LRDATA[1]                              ; Merged with LRDATA[17] ;
; LRDATA[0]                              ; Merged with LRDATA[16] ;
; LDATA[4]                               ; Merged with RDATA[4]   ;
; LDATA[5]                               ; Merged with RDATA[5]   ;
; LDATA[6]                               ; Merged with RDATA[6]   ;
; LDATA[7]                               ; Merged with RDATA[7]   ;
; LDATA[8]                               ; Merged with RDATA[8]   ;
; LDATA[9]                               ; Merged with RDATA[9]   ;
; LDATA[10]                              ; Merged with RDATA[10]  ;
; LDATA[11]                              ; Merged with RDATA[11]  ;
; LDATA[12]                              ; Merged with RDATA[12]  ;
; LDATA[13]                              ; Merged with RDATA[13]  ;
; LDATA[14]                              ; Merged with RDATA[14]  ;
; LDATA[15]                              ; Merged with RDATA[15]  ;
; LRDATA[15]                             ; Merged with LRDATA[31] ;
; LRDATA[14]                             ; Merged with LRDATA[30] ;
; LRDATA[13]                             ; Merged with LRDATA[29] ;
; LRDATA[12]                             ; Merged with LRDATA[28] ;
; LRDATA[11]                             ; Merged with LRDATA[27] ;
; LRDATA[10]                             ; Merged with LRDATA[26] ;
; LRDATA[9]                              ; Merged with LRDATA[25] ;
; LRDATA[8]                              ; Merged with LRDATA[24] ;
; LRDATA[7]                              ; Merged with LRDATA[23] ;
; LRDATA[6]                              ; Merged with LRDATA[22] ;
; LRDATA[5]                              ; Merged with LRDATA[21] ;
; LRDATA[4]                              ; Merged with LRDATA[20] ;
; Bcount[4]                              ; Lost fanout            ;
; Total Number of Removed Registers = 33 ;                        ;
+----------------------------------------+------------------------+


+------------------------------------------------------+
; General Register Statistics                          ;
+----------------------------------------------+-------+
; Statistic                                    ; Value ;
+----------------------------------------------+-------+
; Total registers                              ; 179   ;
; Number of registers using Synchronous Clear  ; 8     ;
; Number of registers using Synchronous Load   ; 0     ;
; Number of registers using Asynchronous Clear ; 121   ;
; Number of registers using Asynchronous Load  ; 0     ;
; Number of registers using Clock Enable       ; 70    ;
; Number of registers using Preset             ; 0     ;
+----------------------------------------------+-------+


+--------------------------------------------------+
; Inverted Register Statistics                     ;
+----------------------------------------+---------+
; Inverted Register                      ; Fan out ;
+----------------------------------------+---------+
; Bcount[1]                              ; 7       ;
; Bcount[0]                              ; 8       ;
; Bcount[3]                              ; 3       ;
; Bcount[2]                              ; 2       ;
; adc_count[4]                           ; 34      ;
; adc_count[3]                           ; 18      ;
; adc_count[2]                           ; 18      ;
; adc_count[1]                           ; 18      ;
; adc_count[0]                           ; 18      ;
; Total number of inverted registers = 9 ;         ;
+----------------------------------------+---------+


+--------------------------------------------------------------------------------------------------------------------------------------------------------+
; Multiplexer Restructuring Statistics (Restructuring Performed)                                                                                         ;
+--------------------+-----------+---------------+----------------------+------------------------+------------+------------------------------------------+
; Multiplexer Inputs ; Bus Width ; Baseline Area ; Area if Restructured ; Saving if Restructured ; Registered ; Example Multiplexer Output               ;
+--------------------+-----------+---------------+----------------------+------------------------+------------+------------------------------------------+
; 27:1               ; 16 bits   ; 288 LEs       ; 16 LEs               ; 272 LEs                ; Yes        ; |audio_interface|\OUTPUT_DATA:counter[6] ;
; 51:1               ; 14 bits   ; 476 LEs       ; 14 LEs               ; 462 LEs                ; Yes        ; |audio_interface|RDATA[6]                ;
; 3:1                ; 5 bits    ; 10 LEs        ; 5 LEs                ; 5 LEs                  ; Yes        ; |audio_interface|adc_count[3]            ;
; 4:1                ; 5 bits    ; 10 LEs        ; 5 LEs                ; 5 LEs                  ; Yes        ; |audio_interface|Bcount[0]               ;
; 257:1              ; 2 bits    ; 342 LEs       ; 106 LEs              ; 236 LEs                ; No         ; |audio_interface|key[1]                  ;
+--------------------+-----------+---------------+----------------------+------------------------+------------+------------------------------------------+


+-------------------------------+
; Elapsed Time Per Partition    ;
+----------------+--------------+
; Partition Name ; Elapsed Time ;
+----------------+--------------+
; Top            ; 00:00:04     ;
+----------------+--------------+


+-------------------------------+
; Analysis & Synthesis Messages ;
+-------------------------------+
Info: *******************************************************************
Info: Running Quartus II 64-Bit Analysis & Synthesis
    Info: Version 13.0.1 Build 232 06/12/2013 Service Pack 1 SJ Web Edition
    Info: Processing started: Mon Nov 25 19:10:09 2013
Info: Command: quartus_map --read_settings_files=on --write_settings_files=off audiopart -c audiopart
Warning (20028): Parallel compilation is not licensed and has been disabled
Info (12021): Found 2 design units, including 1 entities, in source file audio_interface.vhd
    Info (12022): Found design unit 1: audio_interface-Behavorial
    Info (12023): Found entity 1: audio_interface
Info (12127): Elaborating entity "audio_interface" for the top level hierarchy
Warning (10631): VHDL Process Statement warning at audio_interface.vhd(128): inferring latch(es) for signal or variable "key", which holds its previous value in one or more paths through the process
Warning (10492): VHDL Process Statement warning at audio_interface.vhd(308): signal "reset" is read inside the Process Statement but isn't in the Process Statement's sensitivity list
Info (10041): Inferred latch for "key[0]" at audio_interface.vhd(128)
Info (10041): Inferred latch for "key[1]" at audio_interface.vhd(128)
Info (10041): Inferred latch for "key[2]" at audio_interface.vhd(128)
Info (10041): Inferred latch for "key[3]" at audio_interface.vhd(128)
Info (13000): Registers with preset signals will power-up high
Info (13003): DEV_CLRn pin will set, and not reset, register with preset signal due to NOT Gate Push-Back
Critical Warning (18061): Ignored Power-Up Level option on the following registers
    Critical Warning (18010): Register Bcount[1] will power up to High
    Critical Warning (18010): Register Bcount[0] will power up to High
    Critical Warning (18010): Register Bcount[3] will power up to High
    Critical Warning (18010): Register Bcount[2] will power up to High
    Critical Warning (18010): Register adc_count[4] will power up to High
    Critical Warning (18010): Register adc_count[3] will power up to High
    Critical Warning (18010): Register adc_count[2] will power up to High
    Critical Warning (18010): Register adc_count[1] will power up to High
    Critical Warning (18010): Register adc_count[0] will power up to High
Info (17049): 1 registers lost all their fanouts during netlist optimizations.
Info (16010): Generating hard_block partition "hard_block:auto_generated_inst"
    Info (16011): Adding 0 node(s), including 0 DDIO, 0 PLL, 0 transceiver and 0 LCELL
Warning (21074): Design contains 1 input pin(s) that do not drive logic
    Warning (15610): No output dependent on input pin "INIT"
Info (21057): Implemented 670 device resources after synthesis - the final resource count might be different
    Info (21058): Implemented 8 input pins
    Info (21059): Implemented 39 output pins
    Info (21061): Implemented 623 logic cells
Info: Quartus II 64-Bit Analysis & Synthesis was successful. 0 errors, 15 warnings
    Info: Peak virtual memory: 484 megabytes
    Info: Processing ended: Mon Nov 25 19:10:17 2013
    Info: Elapsed time: 00:00:08
    Info: Total CPU time (on all processors): 00:00:08


